[0518/201346.325:ERROR:gpu_init.cc(426)] Passthrough is not supported, GL is disabled
[0518/210957.893:ERROR:cache_util_win.cc(20)] Unable to move the cache: Access is denied. (0x5)
[0518/210957.894:ERROR:cache_util.cc(144)] Unable to move cache folder C:/Users/kira meyer/Documents/GitHub/fnaf-reimagined/fnafreimagined-latest-may/Saved/webcache_4430\Cache to C:/Users/kira meyer/Documents/GitHub/fnaf-reimagined/fnafreimagined-latest-may/Saved/webcache_4430\old_Cache_000
[0518/210957.894:ERROR:disk_cache.cc(184)] Unable to create cache
[0518/211155.247:ERROR:gpu_init.cc(426)] Passthrough is not supported, GL is disabled
[0518/212458.482:ERROR:cache_util_win.cc(20)] Unable to move the cache: Access is denied. (0x5)
[0518/212458.483:ERROR:cache_util.cc(144)] Unable to move cache folder C:/Users/kira meyer/Documents/GitHub/fnaf-reimagined/fnafreimagined-latest-may/Saved/webcache_4430\Cache to C:/Users/kira meyer/Documents/GitHub/fnaf-reimagined/fnafreimagined-latest-may/Saved/webcache_4430\old_Cache_000
[0518/212458.483:ERROR:disk_cache.cc(184)] Unable to create cache
[0518/212510.724:WARNING:value_store_frontend.cc(45)] Reading mhjfbmdgcfjbbpaeojofohoefgiehjai.alarms from  failed: IO error: .../LOCK: File currently in use. (ChromeMethodBFE: 15::LockFile::2)
[0518/212657.862:ERROR:gpu_init.cc(426)] Passthrough is not supported, GL is disabled
[0518/213123.233:ERROR:cache_util_win.cc(20)] Unable to move the cache: Access is denied. (0x5)
[0518/213123.233:ERROR:cache_util.cc(144)] Unable to move cache folder C:/Users/kira meyer/Documents/GitHub/fnaf-reimagined/fnafreimagined-latest-may/Saved/webcache_4430\Cache to C:/Users/kira meyer/Documents/GitHub/fnaf-reimagined/fnafreimagined-latest-may/Saved/webcache_4430\old_Cache_000
[0518/213123.233:ERROR:disk_cache.cc(184)] Unable to create cache
[0518/213134.520:WARNING:value_store_frontend.cc(45)] Reading mhjfbmdgcfjbbpaeojofohoefgiehjai.alarms from  failed: IO error: .../LOCK: File currently in use. (ChromeMethodBFE: 15::LockFile::2)
[0518/213321.432:ERROR:gpu_init.cc(426)] Passthrough is not supported, GL is disabled
[0518/215647.831:ERROR:cache_util_win.cc(20)] Unable to move the cache: Access is denied. (0x5)
[0518/215647.831:ERROR:cache_util.cc(144)] Unable to move cache folder C:/Users/kira meyer/Documents/GitHub/fnaf-reimagined/fnafreimagined-latest-may/Saved/webcache_4430\Cache to C:/Users/kira meyer/Documents/GitHub/fnaf-reimagined/fnafreimagined-latest-may/Saved/webcache_4430\old_Cache_000
[0518/215647.831:ERROR:disk_cache.cc(184)] Unable to create cache
[0518/215709.358:WARNING:value_store_frontend.cc(45)] Reading mhjfbmdgcfjbbpaeojofohoefgiehjai.alarms from  failed: IO error: .../LOCK: File currently in use. (ChromeMethodBFE: 15::LockFile::2)
[0518/215845.818:ERROR:gpu_init.cc(426)] Passthrough is not supported, GL is disabled
[0519/003513.124:ERROR:cache_util_win.cc(20)] Unable to move the cache: Access is denied. (0x5)
[0519/003513.124:ERROR:cache_util.cc(144)] Unable to move cache folder C:/Users/kira meyer/Documents/GitHub/fnaf-reimagined/fnafreimagined-latest-may/Saved/webcache_4430\Cache to C:/Users/kira meyer/Documents/GitHub/fnaf-reimagined/fnafreimagined-latest-may/Saved/webcache_4430\old_Cache_000
[0519/003513.124:ERROR:disk_cache.cc(184)] Unable to create cache
[0519/003526.184:WARNING:value_store_frontend.cc(45)] Reading mhjfbmdgcfjbbpaeojofohoefgiehjai.alarms from  failed: IO error: .../LOCK: File currently in use. (ChromeMethodBFE: 15::LockFile::2)
[0519/003710.830:ERROR:gpu_init.cc(426)] Passthrough is not supported, GL is disabled
[0519/023750.804:ERROR:cache_util_win.cc(20)] Unable to move the cache: Access is denied. (0x5)
[0519/023750.804:ERROR:cache_util.cc(144)] Unable to move cache folder C:/Users/kira meyer/Documents/GitHub/fnaf-reimagined/fnafreimagined-latest-may/Saved/webcache_4430\Cache to C:/Users/kira meyer/Documents/GitHub/fnaf-reimagined/fnafreimagined-latest-may/Saved/webcache_4430\old_Cache_000
[0519/023750.804:ERROR:disk_cache.cc(184)] Unable to create cache
[0519/023949.125:ERROR:gpu_init.cc(426)] Passthrough is not supported, GL is disabled
